<?xml version="1.0" encoding="UTF-8"?>
<!-- Generated by org.testng.reporters.JUnitReportReporter -->
<testsuite hostname="DESKTOP-CEMKQH4" failures="0" tests="1" name="com.crm.qa.testcases.LoginPageTest" time="23.415" errors="0" timestamp="16 Mar 2023 05:48:56 GMT" skipped="0">
  <testcase classname="com.crm.qa.testcases.LoginPageTest" name="LoginPageTest" time="23.415"/>
</testsuite> <!-- com.crm.qa.testcases.LoginPageTest -->
