<?xml version="1.0" encoding="UTF-8"?>
<!-- Generated by org.testng.reporters.JUnitReportReporter -->
<testsuite hostname="DESKTOP-CEMKQH4" failures="0" tests="1" name="com.crm.qa.testcases.LoginPageTest" time="85.526" errors="0" timestamp="27 Nov 2022 18:32:30 GMT" skipped="0">
  <testcase classname="com.crm.qa.testcases.LoginPageTest" name="LoginPageTest" time="85.526"/>
</testsuite> <!-- com.crm.qa.testcases.LoginPageTest -->
